<?xml version="1.0" encoding="UTF-8"?>
<!-- Generated by org.testng.reporters.JUnitReportReporter -->
<testsuite skipped="0" hostname="nvginws168" name="com.qa.pages.RightClick" tests="1" failures="0" timestamp="06 Feb 2019 10:22:05 GMT" time="16.228" errors="0">
  <testcase name="takeScreenShot1" time="16.228" classname="com.qa.pages.RightClick"/>
</testsuite> <!-- com.qa.pages.RightClick -->
