<?xml version="1.0" encoding="UTF-8"?>
<!-- Generated by org.testng.reporters.JUnitReportReporter -->
<testsuite skipped="0" hostname="nvginws168" name="com.qa.pages.DragandDrop" tests="1" failures="0" timestamp="23 Jan 2019 07:35:38 GMT" time="16.038" errors="0">
  <testcase name="takeScreenShot1" time="16.038" classname="com.qa.pages.DragandDrop"/>
</testsuite> <!-- com.qa.pages.DragandDrop -->
