<?xml version="1.0" encoding="UTF-8"?>
<!-- Generated by org.testng.reporters.JUnitReportReporter -->
<testsuite skipped="0" hostname="AnuKrish" name="com.qa.pages.DragandDrop" tests="1" failures="0" timestamp="16 Feb 2019 07:19:17 GMT" time="15.364" errors="0">
  <testcase name="takeScreenShot1" time="15.364" classname="com.qa.pages.DragandDrop"/>
</testsuite> <!-- com.qa.pages.DragandDrop -->
