<?xml version="1.0" encoding="UTF-8"?>
<!-- Generated by org.testng.reporters.JUnitReportReporter -->
<testsuite skipped="0" hostname="nvginws168" name="com.qa.pages.RightClick" tests="1" failures="0" timestamp="23 Jan 2019 09:16:56 GMT" time="11.447" errors="0">
  <testcase name="takeScreenShot1" time="11.447" classname="com.qa.pages.RightClick"/>
</testsuite> <!-- com.qa.pages.RightClick -->
