<?xml version="1.0" encoding="UTF-8"?>
<!-- Generated by org.testng.reporters.JUnitReportReporter -->
<testsuite skipped="0" hostname="nvginws168" name="com.qa.test.DiffExplicitWait" tests="1" failures="0" timestamp="15 Jan 2019 08:58:19 GMT" time="38.033" errors="0">
  <testcase name="login" time="38.033" classname="com.qa.test.DiffExplicitWait"/>
</testsuite> <!-- com.qa.test.DiffExplicitWait -->
